<?xml version="1.0" encoding="UTF-8"?>
<robot generator="Robot 6.0.2 (Python 3.10.5 on win32)" generated="20230525 19:51:56.337" rpa="false" schemaversion="3">
<suite id="s1" name="Amazon Testes Gherkin Bdd" source="C:\Users\Samsung-pc\Documents\Unip\Robot_framework\WebTesting\amazon_testes_gherkin_bdd.robot">
<test id="s1-t1" name="Caso de Teste 04 - Remover Produto do Carrinho" line="36">
<kw name="Abrir o navegador" library="amazon_resources" type="SETUP">
<kw name="Open Browser" library="SeleniumLibrary">
<arg>browser=chrome</arg>
<doc>Opens a new browser instance to the optional ``url``.</doc>
<msg timestamp="20230525 19:51:56.688" level="INFO">Opening browser 'chrome' to base url 'None'.</msg>
<status status="PASS" starttime="20230525 19:51:56.687" endtime="20230525 19:51:58.721"/>
</kw>
<kw name="Maximize Browser Window" library="SeleniumLibrary">
<doc>Maximizes current browser window.</doc>
<status status="PASS" starttime="20230525 19:51:58.722" endtime="20230525 19:51:58.857"/>
</kw>
<status status="PASS" starttime="20230525 19:51:56.686" endtime="20230525 19:51:58.857"/>
</kw>
<kw name="Dado que estou na home page da Amazon.com.br" library="amazon_resources">
<kw name="Acessar a home page do site Amazon.com.br" library="amazon_resources">
<kw name="Go To" library="SeleniumLibrary">
<arg>url=${url}</arg>
<doc>Navigates the current browser window to the provided ``url``.</doc>
<msg timestamp="20230525 19:51:58.864" level="INFO">Opening url 'https://www.amazon.com.br/'</msg>
<status status="PASS" starttime="20230525 19:51:58.861" endtime="20230525 19:52:04.756"/>
</kw>
<kw name="Wait Until Element Is Visible" library="SeleniumLibrary">
<arg>locator=${MENU_MAISVENDIDOS}</arg>
<doc>Waits until the element ``locator`` is visible.</doc>
<status status="PASS" starttime="20230525 19:52:04.757" endtime="20230525 19:52:04.864"/>
</kw>
<status status="PASS" starttime="20230525 19:51:58.860" endtime="20230525 19:52:04.864"/>
</kw>
<status status="PASS" starttime="20230525 19:51:58.858" endtime="20230525 19:52:04.865"/>
</kw>
<kw name="E existe o produto &quot;Console Xbox Series S&quot; no carrinho" library="amazon_resources">
<kw name="Digitar o nome de produto &quot;Console Xbox Series S&quot; no campo de pesquisa" library="amazon_resources" sourcename="Digitar o nome de produto &quot;${PRODUTO}&quot; no campo de pesquisa">
<kw name="Input Text" library="SeleniumLibrary">
<arg>locator=twotabsearchtextbox</arg>
<arg>text=${PRODUTO}</arg>
<doc>Types the given ``text`` into the text field identified by ``locator``.</doc>
<msg timestamp="20230525 19:52:04.871" level="INFO">Typing text 'Console Xbox Series S' into text field 'twotabsearchtextbox'.</msg>
<status status="PASS" starttime="20230525 19:52:04.869" endtime="20230525 19:52:05.950"/>
</kw>
<status status="PASS" starttime="20230525 19:52:04.868" endtime="20230525 19:52:05.950"/>
</kw>
<kw name="Clicar no botão de pesquisa" library="amazon_resources">
<kw name="Click Element" library="SeleniumLibrary">
<arg>locator=nav-search-submit-button</arg>
<doc>Click the element identified by ``locator``.</doc>
<msg timestamp="20230525 19:52:05.951" level="INFO">Clicking element 'nav-search-submit-button'.</msg>
<status status="PASS" starttime="20230525 19:52:05.951" endtime="20230525 19:52:06.134"/>
</kw>
<status status="PASS" starttime="20230525 19:52:05.950" endtime="20230525 19:52:06.134"/>
</kw>
<kw name="Verificar o resultado da pesquisa se está listando o produto pesquisado &quot;Console Xbox Series S&quot;" library="amazon_resources" sourcename="Verificar o resultado da pesquisa se está listando o produto pesquisado &quot;${PRODUTO}&quot;">
<kw name="Wait Until Element Is Visible" library="SeleniumLibrary">
<arg>locator=//span[@class='a-size-base-plus a-color-base a-text-normal'][contains(.,'${PRODUTO}')]</arg>
<doc>Waits until the element ``locator`` is visible.</doc>
<status status="PASS" starttime="20230525 19:52:06.135" endtime="20230525 19:52:10.991"/>
</kw>
<status status="PASS" starttime="20230525 19:52:06.134" endtime="20230525 19:52:10.992"/>
</kw>
<kw name="Adicionar o produto &quot;Console Xbox Series S&quot; no carrinho" library="amazon_resources">
<kw name="Click Element" library="SeleniumLibrary">
<arg>locator=(//span[@class='a-size-base-plus a-color-base a-text-normal'][contains(.,'Console Xbox Series S')])[1]</arg>
<doc>Click the element identified by ``locator``.</doc>
<msg timestamp="20230525 19:52:10.993" level="INFO">Clicking element '(//span[@class='a-size-base-plus a-color-base a-text-normal'][contains(.,'Console Xbox Series S')])[1]'.</msg>
<status status="PASS" starttime="20230525 19:52:10.992" endtime="20230525 19:52:20.051"/>
</kw>
<kw name="Click Element" library="SeleniumLibrary">
<arg>locator=//input[contains(@name,'submit.add-to-cart')]</arg>
<doc>Click the element identified by ``locator``.</doc>
<msg timestamp="20230525 19:52:20.053" level="INFO">Clicking element '//input[contains(@name,'submit.add-to-cart')]'.</msg>
<status status="PASS" starttime="20230525 19:52:20.051" endtime="20230525 19:52:24.858"/>
</kw>
<status status="PASS" starttime="20230525 19:52:10.992" endtime="20230525 19:52:24.859"/>
</kw>
<kw name="Verificar se o produto &quot;Console Xbox Series S&quot; foi adicionado com sucesso" library="amazon_resources">
<kw name="Wait Until Element Is Visible" library="SeleniumLibrary">
<arg>locator=//span[@class='a-size-medium-plus a-color-base sw-atc-text a-text-bold'][contains(.,'Adicionado ao carrinho')]</arg>
<doc>Waits until the element ``locator`` is visible.</doc>
<status status="PASS" starttime="20230525 19:52:24.859" endtime="20230525 19:52:25.041"/>
</kw>
<status status="PASS" starttime="20230525 19:52:24.859" endtime="20230525 19:52:25.041"/>
</kw>
<status status="PASS" starttime="20230525 19:52:04.867" endtime="20230525 19:52:25.041"/>
</kw>
<kw name="Quando remover o produto &quot;Console Xbox Series S&quot; do carrinho" library="amazon_resources">
<kw name="Remover o produto &quot;Console Xbox Series S&quot; do carrinho" library="amazon_resources">
<kw name="Click Element" library="SeleniumLibrary">
<arg>locator=//a[contains(@data-csa-c-type,'button')]</arg>
<doc>Click the element identified by ``locator``.</doc>
<msg timestamp="20230525 19:52:25.045" level="INFO">Clicking element '//a[contains(@data-csa-c-type,'button')]'.</msg>
<status status="PASS" starttime="20230525 19:52:25.044" endtime="20230525 19:52:29.937"/>
</kw>
<kw name="Click Element" library="SeleniumLibrary">
<arg>locator=//input[contains(@aria-label,'Excluir Console Xbox Series S')]</arg>
<doc>Click the element identified by ``locator``.</doc>
<msg timestamp="20230525 19:52:29.939" level="INFO">Clicking element '//input[contains(@aria-label,'Excluir Console Xbox Series S')]'.</msg>
<status status="PASS" starttime="20230525 19:52:29.938" endtime="20230525 19:52:30.306"/>
</kw>
<status status="PASS" starttime="20230525 19:52:25.043" endtime="20230525 19:52:30.306"/>
</kw>
<status status="PASS" starttime="20230525 19:52:25.042" endtime="20230525 19:52:30.307"/>
</kw>
<kw name="Então o carrinho deve ficar vazio" library="amazon_resources">
<kw name="Verificar se o carrinho fica vazio" library="amazon_resources">
<kw name="Wait Until Element Is Visible" library="SeleniumLibrary">
<arg>locator=//h1[@class='a-spacing-mini a-spacing-top-base'][contains(.,'Seu carrinho de compras da Amazon está vazio.')]</arg>
<doc>Waits until the element ``locator`` is visible.</doc>
<status status="PASS" starttime="20230525 19:52:30.315" endtime="20230525 19:52:30.814"/>
</kw>
<status status="PASS" starttime="20230525 19:52:30.314" endtime="20230525 19:52:30.814"/>
</kw>
<status status="PASS" starttime="20230525 19:52:30.313" endtime="20230525 19:52:30.814"/>
</kw>
<kw name="Fechar o navegador" library="amazon_resources" type="TEARDOWN">
<kw name="Capture Page Screenshot" library="SeleniumLibrary">
<doc>Takes a screenshot of the current page and embeds it into a log file.</doc>
<msg timestamp="20230525 19:52:30.960" level="INFO" html="true">&lt;/td&gt;&lt;/tr&gt;&lt;tr&gt;&lt;td colspan="3"&gt;&lt;a href="selenium-screenshot-22.png"&gt;&lt;img src="selenium-screenshot-22.png" width="800px"&gt;&lt;/a&gt;</msg>
<status status="PASS" starttime="20230525 19:52:30.816" endtime="20230525 19:52:30.961"/>
</kw>
<kw name="Close Browser" library="SeleniumLibrary">
<doc>Closes the current browser.</doc>
<status status="PASS" starttime="20230525 19:52:30.961" endtime="20230525 19:52:33.563"/>
</kw>
<status status="PASS" starttime="20230525 19:52:30.815" endtime="20230525 19:52:33.563"/>
</kw>
<doc>Esse teste verifica a remoção de um produto no carrinho de compras</doc>
<tag>remover_carrinho</tag>
<status status="PASS" starttime="20230525 19:51:56.679" endtime="20230525 19:52:33.563"/>
</test>
<doc>Este suite testa o site Amazon.com.br</doc>
<status status="PASS" starttime="20230525 19:51:56.352" endtime="20230525 19:52:33.567"/>
</suite>
<statistics>
<total>
<stat pass="1" fail="0" skip="0">All Tests</stat>
</total>
<tag>
<stat pass="1" fail="0" skip="0">remover_carrinho</stat>
</tag>
<suite>
<stat pass="1" fail="0" skip="0" id="s1" name="Amazon Testes Gherkin Bdd">Amazon Testes Gherkin Bdd</stat>
</suite>
</statistics>
<errors>
</errors>
</robot>
